<?xml version="1.0" encoding="UTF-8"?>
<!-- Generated by org.testng.reporters.JUnitReportReporter -->
<testsuite skipped="0" hostname="nb-solg" name="ActorsTest" tests="7" failures="0" timestamp="20 Dec 2016 14:35:45 GMT" time="3.480" errors="0">
  <testcase name="addNotUnigueActorTest" time="0.328" classname="ActorsTest"/>
  <testcase name="deleteActorTest" time="0.181" classname="ActorsTest"/>
  <testcase name="updateExistingActorTest" time="0.608" classname="ActorsTest"/>
  <testcase name="addUniqueActorTest" time="0.157" classname="ActorsTest"/>
  <testcase name="findAllActorsWithMusicalInstruments2or6" time="0.294" classname="ActorsTest"/>
  <testcase name="addNewInstrumentsToUser" time="1.882" classname="ActorsTest"/>
  <testcase name="findAllActorsWithSizeAndCurrentPlays" time="0.030" classname="ActorsTest"/>
</testsuite> <!-- ActorsTest -->
